#
# There is insufficient memory for the Java Runtime Environment to continue.
# Native memory allocation (malloc) failed to allocate 1743744 bytes for Chunk::new
# Possible reasons:
#   The system is out of physical RAM or swap space
#   The process is running with CompressedOops enabled, and the Java Heap may be blocking the growth of the native heap
# Possible solutions:
#   Reduce memory load on the system
#   Increase physical memory or swap space
#   Check if swap backing store is full
#   Decrease Java heap size (-Xmx/-Xms)
#   Decrease number of Java threads
#   Decrease Java thread stack sizes (-Xss)
#   Set larger code cache with -XX:ReservedCodeCacheSize=
#   JVM is running with Unscaled Compressed Oops mode in which the Java heap is
#     placed in the first 4GB address space. The Java Heap base address is the
#     maximum limit for the native heap growth. Please use -XX:HeapBaseMinAddress
#     to set the Java Heap base and to place the Java Heap above 4GB virtual address.
# This output file may be truncated or incomplete.
#
#  Out of Memory Error (allocation.cpp:389), pid=10772, tid=0x00000000000000f0
#
# JRE version: OpenJDK Runtime Environment (8.0_242-b01) (build 1.8.0_242-release-1644-b01)
# Java VM: OpenJDK 64-Bit Server VM (25.242-b01 mixed mode windows-amd64 compressed oops)
# Failed to write core dump. Minidumps are not enabled by default on client versions of Windows
#

---------------  T H R E A D  ---------------

Current thread (0x00000000174d6800):  JavaThread "C2 CompilerThread0" daemon [_thread_in_native, id=240, stack(0x0000000018b20000,0x0000000018c20000)]

Stack: [0x0000000018b20000,0x0000000018c20000]
[error occurred during error reporting (printing stack bounds), id 0xc0000005]

Native frames: (J=compiled Java code, j=interpreted, Vv=VM code, C=native code)


Current CompileTask:
C2:11692956 33288       4       com.android.tools.r8.ir.regalloc.a::a (3993 bytes)


---------------  P R O C E S S  ---------------

Java Threads: ( => current thread )
  0x000000001995d000 JavaThread "stdout" [_thread_in_native, id=1780, stack(0x000000002ecb0000,0x000000002edb0000)]
  0x0000000019963800 JavaThread "stderr" [_thread_in_native, id=14860, stack(0x000000002ebb0000,0x000000002ecb0000)]
  0x0000000019963000 JavaThread "pool-52-thread-1" [_thread_blocked, id=10228, stack(0x000000002eab0000,0x000000002ebb0000)]
  0x0000000019962000 JavaThread "WorkerExecutor Queue Thread 2" [_thread_blocked, id=5800, stack(0x000000002e9b0000,0x000000002eab0000)]
  0x0000000019961800 JavaThread "WorkerExecutor Queue" [_thread_blocked, id=7040, stack(0x000000002e6a0000,0x000000002e7a0000)]
  0x000000001995a000 JavaThread "Cache worker for execution history cache (C:\Android begins\UnitConversion\.gradle\6.1.1\executionHistory)" [_thread_blocked, id=13484, stack(0x000000002e5a0000,0x000000002e6a0000)]
  0x0000000019959000 JavaThread "Execution worker for ':' Thread 3" [_thread_in_Java, id=9608, stack(0x000000002e4a0000,0x000000002e5a0000)]
  0x0000000019960000 JavaThread "Execution worker for ':' Thread 2" [_thread_in_Java, id=10700, stack(0x000000002e170000,0x000000002e270000)]
  0x0000000023917000 JavaThread "Execution worker for ':'" [_thread_blocked, id=14804, stack(0x000000002e070000,0x000000002e170000)]
  0x0000000023916000 JavaThread "Cache worker for file content cache (C:\Android begins\UnitConversion\.gradle\6.1.1\fileContent)" [_thread_blocked, id=12348, stack(0x000000002df70000,0x000000002e070000)]
  0x000000002390e800 JavaThread "Cache worker for Build Output Cleanup Cache (C:\Android begins\UnitConversion\.gradle\buildOutputCleanup)" [_thread_blocked, id=11688, stack(0x000000002a800000,0x000000002a900000)]
  0x0000000023915800 JavaThread "pool-51-thread-1" [_thread_blocked, id=11448, stack(0x0000000029220000,0x0000000029320000)]
  0x0000000023914800 JavaThread "Build operations Thread 4" [_thread_blocked, id=8384, stack(0x0000000027720000,0x0000000027820000)]
  0x0000000023914000 JavaThread "Build operations Thread 3" [_thread_blocked, id=12276, stack(0x0000000026420000,0x0000000026520000)]
  0x0000000023913000 JavaThread "Build operations Thread 2" [_thread_blocked, id=3188, stack(0x0000000024c80000,0x0000000024d80000)]
  0x0000000023910000 JavaThread "Build operations" [_thread_blocked, id=9996, stack(0x00000000242e0000,0x00000000243e0000)]
  0x000000002390b800 JavaThread "Cache worker for cache directory md-rule (C:\Users\PUJA BHOWMIK\.gradle\caches\6.1.1\md-rule)" [_thread_blocked, id=14060, stack(0x00000000227f0000,0x00000000228f0000)]
  0x0000000023912800 JavaThread "Cache worker for cache directory md-supplier (C:\Users\PUJA BHOWMIK\.gradle\caches\6.1.1\md-supplier)" [_thread_blocked, id=10724, stack(0x0000000021460000,0x0000000021560000)]
  0x000000002390b000 JavaThread "Cache worker for file hash cache (C:\Android begins\UnitConversion\.gradle\6.1.1\fileHashes)" [_thread_blocked, id=5700, stack(0x0000000020f60000,0x0000000021060000)]
  0x0000000023911800 JavaThread "Cache worker for checksums cache (C:\Android begins\UnitConversion\.gradle\checksums)" [_thread_blocked, id=10100, stack(0x0000000020e60000,0x0000000020f60000)]
  0x000000002390e000 JavaThread "Thread-565" [_thread_blocked, id=7708, stack(0x0000000020d60000,0x0000000020e60000)]
  0x000000002390a000 JavaThread "Stdin handler" [_thread_blocked, id=10196, stack(0x000000001fd60000,0x000000001fe60000)]
  0x000000002390f800 JavaThread "Asynchronous log dispatcher for DefaultDaemonConnection: socket connection from /127.0.0.1:53786 to /127.0.0.1:56544" [_thread_in_native, id=5284, stack(0x000000001fc60000,0x000000001fd60000)]
  0x0000000023911000 JavaThread "Daemon worker Thread 20" [_thread_blocked, id=3512, stack(0x000000001e510000,0x000000001e610000)]
  0x0000000023908000 JavaThread "Cancel handler" [_thread_blocked, id=7844, stack(0x000000001e410000,0x000000001e510000)]
  0x000000002390d000 JavaThread "Handler for socket connection from /127.0.0.1:53786 to /127.0.0.1:56544" [_thread_in_native, id=9476, stack(0x000000001c640000,0x000000001c740000)]
  0x0000000023909800 JavaThread "Daemon Thread 20" [_thread_blocked, id=10588, stack(0x000000001c540000,0x000000001c640000)]
  0x000000001eaf0800 JavaThread "Cache worker for Java compile cache (C:\Users\PUJA BHOWMIK\.gradle\caches\6.1.1\javaCompile)" [_thread_blocked, id=10880, stack(0x000000001cb40000,0x000000001cc40000)]
  0x000000001a32d000 JavaThread "Cache worker for file content cache (C:\Users\PUJA BHOWMIK\.gradle\caches\6.1.1\fileContent)" [_thread_blocked, id=14928, stack(0x00000000241e0000,0x00000000242e0000)]
  0x000000001a32e800 JavaThread "Memory manager" [_thread_blocked, id=756, stack(0x00000000240e0000,0x00000000241e0000)]
  0x000000001a32a800 JavaThread "Cache worker for execution history cache (C:\Users\PUJA BHOWMIK\.gradle\caches\6.1.1\executionHistory)" [_thread_blocked, id=8404, stack(0x000000001fe60000,0x000000001ff60000)]
  0x000000001a327800 JavaThread "Cache worker for file hash cache (C:\Users\PUJA BHOWMIK\.gradle\caches\6.1.1\fileHashes)" [_thread_blocked, id=15080, stack(0x000000001d240000,0x000000001d340000)]
  0x000000001a329000 JavaThread "File lock request listener" [_thread_in_native, id=484, stack(0x000000001d140000,0x000000001d240000)]
  0x0000000019ab7000 JavaThread "Cache worker for journal cache (C:\Users\PUJA BHOWMIK\.gradle\caches\journal-1)" [_thread_blocked, id=5832, stack(0x000000001d040000,0x000000001d140000)]
  0x0000000017506000 JavaThread "Daemon periodic checks" [_thread_blocked, id=9036, stack(0x000000001c440000,0x000000001c540000)]
  0x000000001af26800 JavaThread "Incoming local TCP Connector on port 53786" [_thread_in_native, id=14056, stack(0x000000001c200000,0x000000001c300000)]
  0x000000001aedf800 JavaThread "Daemon health stats" [_thread_blocked, id=9760, stack(0x000000001bbc0000,0x000000001bcc0000)]
  0x000000001752e000 JavaThread "Service Thread" daemon [_thread_blocked, id=14440, stack(0x0000000019220000,0x0000000019320000)]
  0x00000000174e5800 JavaThread "C1 CompilerThread2" daemon [_thread_in_vm, id=3420, stack(0x0000000018d20000,0x0000000018e20000)]
  0x00000000174dc800 JavaThread "C2 CompilerThread1" daemon [_thread_in_native, id=8784, stack(0x0000000018c20000,0x0000000018d20000)]
=>0x00000000174d6800 JavaThread "C2 CompilerThread0" daemon [_thread_in_native, id=240, stack(0x0000000018b20000,0x0000000018c20000)]
  0x00000000174d5000 JavaThread "Attach Listener" daemon [_thread_blocked, id=1212, stack(0x0000000018a20000,0x0000000018b20000)]
  0x00000000174d3800 JavaThread "Signal Dispatcher" daemon [_thread_blocked, id=2580, stack(0x0000000018920000,0x0000000018a20000)]
  0x000000000283c000 JavaThread "Finalizer" daemon [_thread_blocked, id=9444, stack(0x0000000018720000,0x0000000018820000)]
  0x00000000174b9000 JavaThread "Reference Handler" daemon [_thread_blocked, id=14004, stack(0x0000000018620000,0x0000000018720000)]
  0x0000000002742800 JavaThread "main" [_thread_blocked, id=532, stack(0x0000000002600000,0x0000000002700000)]

Other Threads:
  0x0000000017496000 VMThread [stack: 0x0000000018520000,0x0000000018620000] [id=3776]
  0x0000000018e44000 WatcherThread [stack: 0x0000000019320000,0x0000000019420000] [id=9916]

VM state:not at safepoint (normal execution)

VM Mutex/Monitor currently owned by a thread:  ([mutex/lock_event])
[0x00000000028ad010] CodeCache_lock - owner thread: 0x00000000174e5800
[0x0000000002740550] Compile_lock - owner thread: 0x00000000174e5800
[0x00000000027412d0] MethodCompileQueue_lock - owner thread: 0x0000000000000000

heap address: 0x0000000080000000, size: 2048 MB, Compressed Oops mode: 32-bit
Narrow klass base: 0x0000000000000000, Narrow klass shift: 3
Compressed class space size: 1073741824 Address: 0x0000000100000000

Heap:
 PSYoungGen      total 350208K, used 197769K [0x00000000d5580000, 0x00000000ec080000, 0x0000000100000000)
  eden space 328704K, 59% used [0x00000000d5580000,0x00000000e142a6b8,0x00000000e9680000)
  from space 21504K, 11% used [0x00000000e9680000,0x00000000e98f8010,0x00000000eab80000)
  to   space 20992K, 0% used [0x00000000eac00000,0x00000000eac00000,0x00000000ec080000)
 ParOldGen       total 179200K, used 140771K [0x0000000080000000, 0x000000008af00000, 0x00000000d5580000)
  object space 179200K, 78% used [0x0000000080000000,0x0000000088978df0,0x000000008af00000)
 Metaspace       used 163277K, capacity 175636K, committed 176040K, reserved 1202176K
  class space    used 21232K, capacity 23295K, committed 23464K, reserved 1048576K

Card table byte_map: [0x0000000011c70000,0x0000000012080000] byte_map_base: 0x0000000011870000

Marking Bits: (ParMarkBitMap*) 0x000000005d1cf030
 Begin Bits: [0x0000000012730000, 0x0000000014730000)
 End Bits:   [0x0000000014730000, 0x0000000016730000)

Polling page: 0x00000000005f0000

CodeCache: size=245760Kb used=93224Kb max_used=93245Kb free=152535Kb
 bounds [0x00000000028b0000, 0x0000000008440000, 0x00000000118b0000]
 total_blobs=26991 nmethods=26069 adapters=832
 compilation: enabled

Compilation events (10 events):
Event: 11692.150 Thread 0x00000000174e5800 33472       2       com.android.tools.r8.ir.optimize.Z::a (1306 bytes)
Event: 11692.160 Thread 0x00000000174e5800 nmethod 33472 0x0000000008418910 code [0x0000000008419280, 0x000000000841d318]
Event: 11692.230 Thread 0x00000000174e5800 33477       3       com.android.tools.r8.s.a.a.b.v::a (150 bytes)
Event: 11692.231 Thread 0x00000000174e5800 nmethod 33477 0x00000000083e81d0 code [0x00000000083e8480, 0x00000000083e98a8]
Event: 11692.257 Thread 0x00000000174e5800 33478       1       org.gradle.internal.execution.history.changes.NonIncrementalInputChanges::isIncremental (2 bytes)
Event: 11692.837 Thread 0x00000000174e5800 nmethod 33478 0x00000000083d8b50 code [0x00000000083d8ca0, 0x00000000083d8db0]
Event: 11692.839 Thread 0x00000000174e5800 33484 %     3       com.android.tools.r8.ir.optimize.Z::a @ 140 (1306 bytes)
Event: 11692.858 Thread 0x00000000174e5800 nmethod 33484% 0x0000000008424350 code [0x00000000084255c0, 0x0000000008432ff8]
Event: 11692.860 Thread 0x00000000174e5800 33491   !   2       java.util.WeakHashMap::expungeStaleEntries (139 bytes)
Event: 11692.861 Thread 0x00000000174e5800 nmethod 33491 0x000000000415a190 code [0x000000000415a320, 0x000000000415aa08]

GC Heap History (10 events):
Event: 11688.004 GC heap before
{Heap before GC invocations=80 (full 5):
 PSYoungGen      total 257024K, used 235552K [0x00000000d5580000, 0x00000000e6780000, 0x0000000100000000)
  eden space 233472K, 100% used [0x00000000d5580000,0x00000000e3980000,0x00000000e3980000)
  from space 23552K, 8% used [0x00000000e5080000,0x00000000e5288000,0x00000000e6780000)
  to   space 23552K, 0% used [0x00000000e3980000,0x00000000e3980000,0x00000000e5080000)
 ParOldGen       total 179200K, used 124430K [0x0000000080000000, 0x000000008af00000, 0x00000000d5580000)
  object space 179200K, 69% used [0x0000000080000000,0x00000000879838b8,0x000000008af00000)
 Metaspace       used 163079K, capacity 175464K, committed 175784K, reserved 1202176K
  class space    used 21227K, capacity 23289K, committed 23464K, reserved 1048576K
Event: 11688.023 GC heap after
Heap after GC invocations=80 (full 5):
 PSYoungGen      total 257024K, used 3368K [0x00000000d5580000, 0x00000000e9180000, 0x0000000100000000)
  eden space 233472K, 0% used [0x00000000d5580000,0x00000000d5580000,0x00000000e3980000)
  from space 23552K, 14% used [0x00000000e3980000,0x00000000e3cca268,0x00000000e5080000)
  to   space 23040K, 0% used [0x00000000e7b00000,0x00000000e7b00000,0x00000000e9180000)
 ParOldGen       total 179200K, used 126246K [0x0000000080000000, 0x000000008af00000, 0x00000000d5580000)
  object space 179200K, 70% used [0x0000000080000000,0x0000000087b498b8,0x000000008af00000)
 Metaspace       used 163079K, capacity 175464K, committed 175784K, reserved 1202176K
  class space    used 21227K, capacity 23289K, committed 23464K, reserved 1048576K
}
Event: 11688.645 GC heap before
{Heap before GC invocations=81 (full 5):
 PSYoungGen      total 257024K, used 236840K [0x00000000d5580000, 0x00000000e9180000, 0x0000000100000000)
  eden space 233472K, 100% used [0x00000000d5580000,0x00000000e3980000,0x00000000e3980000)
  from space 23552K, 14% used [0x00000000e3980000,0x00000000e3cca268,0x00000000e5080000)
  to   space 23040K, 0% used [0x00000000e7b00000,0x00000000e7b00000,0x00000000e9180000)
 ParOldGen       total 179200K, used 126246K [0x0000000080000000, 0x000000008af00000, 0x00000000d5580000)
  object space 179200K, 70% used [0x0000000080000000,0x0000000087b498b8,0x000000008af00000)
 Metaspace       used 163119K, capacity 175476K, committed 175784K, reserved 1202176K
  class space    used 21229K, capacity 23291K, committed 23464K, reserved 1048576K
Event: 11688.661 GC heap after
Heap after GC invocations=81 (full 5):
 PSYoungGen      total 299520K, used 2661K [0x00000000d5580000, 0x00000000e9080000, 0x0000000100000000)
  eden space 277504K, 0% used [0x00000000d5580000,0x00000000d5580000,0x00000000e6480000)
  from space 22016K, 12% used [0x00000000e7b00000,0x00000000e7d99668,0x00000000e9080000)
  to   space 22528K, 0% used [0x00000000e6480000,0x00000000e6480000,0x00000000e7a80000)
 ParOldGen       total 179200K, used 127579K [0x0000000080000000, 0x000000008af00000, 0x00000000d5580000)
  object space 179200K, 71% used [0x0000000080000000,0x0000000087c96f80,0x000000008af00000)
 Metaspace       used 163119K, capacity 175476K, committed 175784K, reserved 1202176K
  class space    used 21229K, capacity 23291K, committed 23464K, reserved 1048576K
}
Event: 11689.443 GC heap before
{Heap before GC invocations=82 (full 5):
 PSYoungGen      total 299520K, used 280165K [0x00000000d5580000, 0x00000000e9080000, 0x0000000100000000)
  eden space 277504K, 100% used [0x00000000d5580000,0x00000000e6480000,0x00000000e6480000)
  from space 22016K, 12% used [0x00000000e7b00000,0x00000000e7d99668,0x00000000e9080000)
  to   space 22528K, 0% used [0x00000000e6480000,0x00000000e6480000,0x00000000e7a80000)
 ParOldGen       total 179200K, used 127579K [0x0000000080000000, 0x000000008af00000, 0x00000000d5580000)
  object space 179200K, 71% used [0x0000000080000000,0x0000000087c96f80,0x000000008af00000)
 Metaspace       used 163136K, capacity 175544K, committed 175784K, reserved 1202176K
  class space    used 21229K, capacity 23291K, committed 23464K, reserved 1048576K
Event: 11689.456 GC heap after
Heap after GC invocations=82 (full 5):
 PSYoungGen      total 300032K, used 5039K [0x00000000d5580000, 0x00000000ec100000, 0x0000000100000000)
  eden space 277504K, 0% used [0x00000000d5580000,0x00000000d5580000,0x00000000e6480000)
  from space 22528K, 22% used [0x00000000e6480000,0x00000000e696bfb0,0x00000000e7a80000)
  to   space 21504K, 0% used [0x00000000eac00000,0x00000000eac00000,0x00000000ec100000)
 ParOldGen       total 179200K, used 129387K [0x0000000080000000, 0x000000008af00000, 0x00000000d5580000)
  object space 179200K, 72% used [0x0000000080000000,0x0000000087e5ae08,0x000000008af00000)
 Metaspace       used 163136K, capacity 175544K, committed 175784K, reserved 1202176K
  class space    used 21229K, capacity 23291K, committed 23464K, reserved 1048576K
}
Event: 11690.426 GC heap before
{Heap before GC invocations=83 (full 5):
 PSYoungGen      total 300032K, used 282543K [0x00000000d5580000, 0x00000000ec100000, 0x0000000100000000)
  eden space 277504K, 100% used [0x00000000d5580000,0x00000000e6480000,0x00000000e6480000)
  from space 22528K, 22% used [0x00000000e6480000,0x00000000e696bfb0,0x00000000e7a80000)
  to   space 21504K, 0% used [0x00000000eac00000,0x00000000eac00000,0x00000000ec100000)
 ParOldGen       total 179200K, used 129387K [0x0000000080000000, 0x000000008af00000, 0x00000000d5580000)
  object space 179200K, 72% used [0x0000000080000000,0x0000000087e5ae08,0x000000008af00000)
 Metaspace       used 163228K, capacity 175622K, committed 176040K, reserved 1202176K
  class space    used 21230K, capacity 23292K, committed 23464K, reserved 1048576K
Event: 11690.446 GC heap after
Heap after GC invocations=83 (full 5):
 PSYoungGen      total 349696K, used 11005K [0x00000000d5580000, 0x00000000ec080000, 0x0000000100000000)
  eden space 328704K, 0% used [0x00000000d5580000,0x00000000d5580000,0x00000000e9680000)
  from space 20992K, 52% used [0x00000000eac00000,0x00000000eb6bf6f0,0x00000000ec080000)
  to   space 21504K, 0% used [0x00000000e9680000,0x00000000e9680000,0x00000000eab80000)
 ParOldGen       total 179200K, used 132676K [0x0000000080000000, 0x000000008af00000, 0x00000000d5580000)
  object space 179200K, 74% used [0x0000000080000000,0x00000000881913f8,0x000000008af00000)
 Metaspace       used 163228K, capacity 175622K, committed 176040K, reserved 1202176K
  class space    used 21230K, capacity 23292K, committed 23464K, reserved 1048576K
}
Event: 11691.867 GC heap before
{Heap before GC invocations=84 (full 5):
 PSYoungGen      total 349696K, used 339709K [0x00000000d5580000, 0x00000000ec080000, 0x0000000100000000)
  eden space 328704K, 100% used [0x00000000d5580000,0x00000000e9680000,0x00000000e9680000)
  from space 20992K, 52% used [0x00000000eac00000,0x00000000eb6bf6f0,0x00000000ec080000)
  to   space 21504K, 0% used [0x00000000e9680000,0x00000000e9680000,0x00000000eab80000)
 ParOldGen       total 179200K, used 132676K [0x0000000080000000, 0x000000008af00000, 0x00000000d5580000)
  object space 179200K, 74% used [0x0000000080000000,0x00000000881913f8,0x000000008af00000)
 Metaspace       used 163274K, capacity 175628K, committed 176040K, reserved 1202176K
  class space    used 21230K, capacity 23293K, committed 23464K, reserved 1048576K
Event: 11692.033 GC heap after
Heap after GC invocations=84 (full 5):
 PSYoungGen      total 350208K, used 2528K [0x00000000d5580000, 0x00000000ec080000, 0x0000000100000000)
  eden space 328704K, 0% used [0x00000000d5580000,0x00000000d5580000,0x00000000e9680000)
  from space 21504K, 11% used [0x00000000e9680000,0x00000000e98f8010,0x00000000eab80000)
  to   space 20992K, 0% used [0x00000000eac00000,0x00000000eac00000,0x00000000ec080000)
 ParOldGen       total 179200K, used 140771K [0x0000000080000000, 0x000000008af00000, 0x00000000d5580000)
  object space 179200K, 78% used [0x0000000080000000,0x0000000088978df0,0x000000008af00000)
 Metaspace       used 163274K, capacity 175628K, committed 176040K, reserved 1202176K
  class space    used 21230K, capacity 23293K, committed 23464K, reserved 1048576K
}

Deoptimization events (10 events):
Event: 11690.949 Thread 0x0000000023911000 Uncommon trap: reason=class_check action=maybe_recompile pc=0x0000000006e86fd4 method=com.android.tools.r8.graph.h0$l.equals(Ljava/lang/Object;)Z @ 8
Event: 11691.070 Thread 0x0000000019959000 Uncommon trap: reason=predicate action=maybe_recompile pc=0x00000000083aabd4 method=com.android.tools.r8.ir.optimize.Z.a(Lcom/android/tools/r8/u/b/W;Lcom/android/tools/r8/ir/regalloc/e;I)V @ 330
Event: 11691.590 Thread 0x0000000019960000 Uncommon trap: reason=class_check action=maybe_recompile pc=0x000000000822be0c method=com.android.tools.r8.ir.optimize.o.b(Lcom/android/tools/r8/u/b/W;)V @ 270
Event: 11691.766 Thread 0x0000000019960000 Uncommon trap: reason=unstable_if action=reinterpret pc=0x00000000083f262c method=com.android.tools.r8.ir.optimize.Z.a(Lcom/android/tools/r8/u/b/W;Lcom/android/tools/r8/ir/regalloc/e;I)V @ 775
Event: 11692.056 Thread 0x000000000283c000 Uncommon trap: reason=unstable_if action=reinterpret pc=0x0000000006502f38 method=java.util.WeakHashMap.expungeStaleEntries()V @ 53
Event: 11692.171 Thread 0x0000000019960000 Uncommon trap: reason=bimorphic action=maybe_recompile pc=0x00000000083ea8e8 method=com.android.tools.r8.ir.regalloc.a.a(Lcom/android/tools/r8/u/b/m1;I)I @ 1
Event: 11692.171 Thread 0x0000000019960000 Uncommon trap: reason=bimorphic action=maybe_recompile pc=0x00000000083ea8e8 method=com.android.tools.r8.ir.regalloc.a.a(Lcom/android/tools/r8/u/b/m1;I)I @ 1
Event: 11692.171 Thread 0x0000000019960000 Uncommon trap: reason=bimorphic action=maybe_recompile pc=0x00000000083ea8e8 method=com.android.tools.r8.ir.regalloc.a.a(Lcom/android/tools/r8/u/b/m1;I)I @ 1
Event: 11692.171 Thread 0x0000000019960000 Uncommon trap: reason=bimorphic action=maybe_recompile pc=0x00000000083ea8e8 method=com.android.tools.r8.ir.regalloc.a.a(Lcom/android/tools/r8/u/b/m1;I)I @ 1
Event: 11692.715 Thread 0x0000000019960000 Uncommon trap: reason=class_check action=maybe_recompile pc=0x000000000822be0c method=com.android.tools.r8.ir.optimize.o.b(Lcom/android/tools/r8/u/b/W;)V @ 270

Classes redefined (0 events):
No events

Internal exceptions (10 events):
Event: 11691.114 Thread 0x0000000019959000 Exception <a 'sun/nio/fs/WindowsException'> (0x00000000e2985340) thrown at [C:\src\AOSP-openjdk-git\hotspot\src\share\vm\prims\jni.cpp, line 710]
Event: 11691.128 Thread 0x0000000023911000 Exception <a 'sun/nio/fs/WindowsException'> (0x00000000e273c508) thrown at [C:\src\AOSP-openjdk-git\hotspot\src\share\vm\prims\jni.cpp, line 710]
Event: 11691.241 Thread 0x0000000023911000 Exception <a 'sun/nio/fs/WindowsException'> (0x00000000e27990b8) thrown at [C:\src\AOSP-openjdk-git\hotspot\src\share\vm\prims\jni.cpp, line 710]
Event: 11691.255 Thread 0x0000000023911000 Exception <a 'sun/nio/fs/WindowsException'> (0x00000000e4328740) thrown at [C:\src\AOSP-openjdk-git\hotspot\src\share\vm\prims\jni.cpp, line 710]
Event: 11692.344 Thread 0x0000000019959000 Exception <a 'sun/nio/fs/WindowsException'> (0x00000000d5bd9238) thrown at [C:\src\AOSP-openjdk-git\hotspot\src\share\vm\prims\jni.cpp, line 710]
Event: 11692.376 Thread 0x0000000019959000 Exception <a 'sun/nio/fs/WindowsException'> (0x00000000d8d2fe98) thrown at [C:\src\AOSP-openjdk-git\hotspot\src\share\vm\prims\jni.cpp, line 710]
Event: 11692.729 Thread 0x0000000023911000 Exception <a 'sun/nio/fs/WindowsException'> (0x00000000d56cbaf0) thrown at [C:\src\AOSP-openjdk-git\hotspot\src\share\vm\prims\jni.cpp, line 710]
Event: 11692.742 Thread 0x0000000023911000 Exception <a 'sun/nio/fs/WindowsException'> (0x00000000debb21a0) thrown at [C:\src\AOSP-openjdk-git\hotspot\src\share\vm\prims\jni.cpp, line 710]
Event: 11692.860 Thread 0x0000000023917000 Exception <a 'sun/nio/fs/WindowsException'> (0x00000000d5daccd0) thrown at [C:\src\AOSP-openjdk-git\hotspot\src\share\vm\prims\jni.cpp, line 710]
Event: 11692.888 Thread 0x0000000019959000 Exception <a 'sun/nio/fs/WindowsException'> (0x00000000e0f21280) thrown at [C:\src\AOSP-openjdk-git\hotspot\src\share\vm\prims\jni.cpp, line 710]

Events (10 events):
Event: 11692.860 Thread 0x00000000174e5800 flushing nmethod 0x0000000004159dd0
Event: 11692.860 Thread 0x00000000174e5800 flushing nmethod 0x000000000416bd10
Event: 11692.861 Thread 0x00000000174e5800 flushing nmethod 0x00000000042c2f50
Event: 11692.862 Thread 0x00000000174e5800 flushing nmethod 0x0000000004460810
Event: 11692.863 Thread 0x0000000023917000 DEOPT PACKING pc=0x0000000006fb796f sp=0x000000002e16c3a0
Event: 11692.863 Thread 0x0000000023917000 DEOPT UNPACKING pc=0x00000000028f75d0 sp=0x000000002e16c0f8 mode 0
Event: 11692.864 Thread 0x0000000023917000 DEOPT PACKING pc=0x00000000074efdd9 sp=0x000000002e16c4f0
Event: 11692.864 Thread 0x0000000023917000 DEOPT UNPACKING pc=0x00000000028f75d0 sp=0x000000002e16c4d0 mode 0
Event: 11692.881 Thread 0x0000000023917000 DEOPT PACKING pc=0x0000000007c700b5 sp=0x000000002e16b5f0
Event: 11692.881 Thread 0x0000000023917000 DEOPT UNPACKING pc=0x00000000028f75d0 sp=0x000000002e16b6a8 mode 0


Dynamic libraries:
0x00007ff60a1b0000 - 0x00007ff60a1e1000 	C:\Program Files\Android\Android Studio\jre\bin\java.exe
0x00007ffa36710000 - 0x00007ffa36906000 	C:\WINDOWS\SYSTEM32\ntdll.dll
0x00007ffa34770000 - 0x00007ffa3482d000 	C:\WINDOWS\System32\KERNEL32.DLL
0x00007ffa342e0000 - 0x00007ffa345a9000 	C:\WINDOWS\System32\KERNELBASE.dll
0x00007ffa35630000 - 0x00007ffa356dc000 	C:\WINDOWS\System32\ADVAPI32.dll
0x00007ffa359c0000 - 0x00007ffa35a5e000 	C:\WINDOWS\System32\msvcrt.dll
0x00007ffa35870000 - 0x00007ffa3590c000 	C:\WINDOWS\System32\sechost.dll
0x00007ffa36180000 - 0x00007ffa362ab000 	C:\WINDOWS\System32\RPCRT4.dll
0x00007ffa36530000 - 0x00007ffa366d0000 	C:\WINDOWS\System32\USER32.dll
0x00007ffa34020000 - 0x00007ffa34042000 	C:\WINDOWS\System32\win32u.dll
0x00007ffa35600000 - 0x00007ffa3562a000 	C:\WINDOWS\System32\GDI32.dll
0x00007ffa341d0000 - 0x00007ffa342db000 	C:\WINDOWS\System32\gdi32full.dll
0x00007ffa33f80000 - 0x00007ffa3401d000 	C:\WINDOWS\System32\msvcp_win.dll
0x00007ffa33e50000 - 0x00007ffa33f50000 	C:\WINDOWS\System32\ucrtbase.dll
0x00007ffa2c1a0000 - 0x00007ffa2c43b000 	C:\WINDOWS\WinSxS\amd64_microsoft.windows.common-controls_6595b64144ccf1df_6.0.19041.746_none_ca02b4b61b8320a4\COMCTL32.dll
0x00007ffa35910000 - 0x00007ffa35940000 	C:\WINDOWS\System32\IMM32.DLL
0x000000005e600000 - 0x000000005e6d2000 	C:\Program Files\Android\Android Studio\jre\jre\bin\msvcr100.dll
0x000000005ca00000 - 0x000000005d24b000 	C:\Program Files\Android\Android Studio\jre\jre\bin\server\jvm.dll
0x00007ffa359b0000 - 0x00007ffa359b8000 	C:\WINDOWS\System32\PSAPI.DLL
0x00007ffa254d0000 - 0x00007ffa254f7000 	C:\WINDOWS\SYSTEM32\WINMM.dll
0x00007ffa26f60000 - 0x00007ffa26f6a000 	C:\WINDOWS\SYSTEM32\VERSION.dll
0x00007ffa32850000 - 0x00007ffa32859000 	C:\WINDOWS\SYSTEM32\WSOCK32.dll
0x00007ffa35940000 - 0x00007ffa359ab000 	C:\WINDOWS\System32\WS2_32.dll
0x00007ffa31160000 - 0x00007ffa3116f000 	C:\Program Files\Android\Android Studio\jre\jre\bin\verify.dll
0x00007ffa2df80000 - 0x00007ffa2dfa9000 	C:\Program Files\Android\Android Studio\jre\jre\bin\java.dll
0x00007ffa2bdb0000 - 0x00007ffa2bdc6000 	C:\Program Files\Android\Android Studio\jre\jre\bin\zip.dll
0x00007ffa34830000 - 0x00007ffa34f72000 	C:\WINDOWS\System32\SHELL32.dll
0x00007ffa31b10000 - 0x00007ffa322a0000 	C:\WINDOWS\SYSTEM32\windows.storage.dll
0x00007ffa34fe0000 - 0x00007ffa35336000 	C:\WINDOWS\System32\combase.dll
0x00007ffa337e0000 - 0x00007ffa3380c000 	C:\WINDOWS\SYSTEM32\Wldp.dll
0x00007ffa36460000 - 0x00007ffa3650e000 	C:\WINDOWS\System32\SHCORE.dll
0x00007ffa35350000 - 0x00007ffa353a5000 	C:\WINDOWS\System32\shlwapi.dll
0x00007ffa33d80000 - 0x00007ffa33da6000 	C:\WINDOWS\SYSTEM32\profapi.dll
0x00007ffa27730000 - 0x00007ffa2774a000 	C:\Program Files\Android\Android Studio\jre\jre\bin\net.dll
0x00007ffa33560000 - 0x00007ffa335ca000 	C:\WINDOWS\system32\mswsock.dll
0x00007ffa27710000 - 0x00007ffa27723000 	C:\Program Files\Android\Android Studio\jre\jre\bin\nio.dll
0x00007ffa20500000 - 0x00007ffa20526000 	C:\Users\PUJA BHOWMIK\.gradle\native\31\windows-amd64\native-platform.dll
0x00007ffa31150000 - 0x00007ffa3115d000 	C:\Program Files\Android\Android Studio\jre\jre\bin\management.dll
0x00007ffa33890000 - 0x00007ffa338a8000 	C:\WINDOWS\SYSTEM32\CRYPTSP.dll
0x00007ffa32ec0000 - 0x00007ffa32ef4000 	C:\WINDOWS\system32\rsaenh.dll
0x00007ffa33f50000 - 0x00007ffa33f77000 	C:\WINDOWS\System32\bcrypt.dll
0x00007ffa33d00000 - 0x00007ffa33d2e000 	C:\WINDOWS\SYSTEM32\USERENV.dll
0x00007ffa34050000 - 0x00007ffa340d0000 	C:\WINDOWS\System32\bcryptprimitives.dll
0x00007ffa33700000 - 0x00007ffa3370c000 	C:\WINDOWS\SYSTEM32\CRYPTBASE.dll
0x00007ffa33210000 - 0x00007ffa3324b000 	C:\WINDOWS\SYSTEM32\IPHLPAPI.DLL
0x00007ffa35340000 - 0x00007ffa35348000 	C:\WINDOWS\System32\NSI.dll
0x00007ffa2d8b0000 - 0x00007ffa2d8c7000 	C:\WINDOWS\SYSTEM32\dhcpcsvc6.DLL
0x00007ffa2d890000 - 0x00007ffa2d8ad000 	C:\WINDOWS\SYSTEM32\dhcpcsvc.DLL
0x00007ffa33250000 - 0x00007ffa3331b000 	C:\WINDOWS\SYSTEM32\DNSAPI.dll
0x00007ffa32b20000 - 0x00007ffa32b53000 	C:\WINDOWS\SYSTEM32\ntmarta.dll

VM Arguments:
jvm_args: -Xmx2048m -Dfile.encoding=windows-1252 -Duser.country=US -Duser.language=en -Duser.variant 
java_command: org.gradle.launcher.daemon.bootstrap.GradleDaemon 6.1.1
java_class_path (initial): C:\Users\PUJA BHOWMIK\.gradle\wrapper\dists\gradle-6.1.1-all\cfmwm155h49vnt3hynmlrsdst\gradle-6.1.1\lib\gradle-launcher-6.1.1.jar
Launcher Type: SUN_STANDARD

Environment Variables:
USERNAME=PUJA BHOWMIK
OS=Windows_NT
PROCESSOR_IDENTIFIER=Intel64 Family 6 Model 142 Stepping 9, GenuineIntel



---------------  S Y S T E M  ---------------

OS: Windows 10.0 , 64 bit Build 19041 (10.0.19041.804)

CPU:total 4 (initial active 4) (2 cores per cpu, 2 threads per core) family 6 model 142 stepping 9, cmov, cx8, fxsr, mmx, sse, sse2, sse3, ssse3, sse4.1, sse4.2, popcnt, avx, avx2, aes, clmul, erms, 3dnowpref, lzcnt, ht, tsc, tscinvbit, bmi1, bmi2, adx

Memory: 4k page, physical 8270092k(336296k free), swap 11195660k(5920k free)

vm_info: OpenJDK 64-Bit Server VM (25.242-b01) for windows-amd64 JRE (1.8.0_242-release-1644-b01), built by "builder" with MS VC++ 10.0 (VS2010)

time: Sun Feb 14 14:43:41 2021
timezone: Bangladesh Standard Time
elapsed time: 11693 seconds (0d 3h 14m 53s)

